This file contains any messages produced by compilers while
running configure, to aid debugging if configure makes a mistake.

It was created by Tiechu configure 1.3.2.20230912, which was
generated by GNU Autoconf 2.71.  Invocation command line was

  $ ./configure --enable-maintainer-mode prefix=/usr

## --------- ##
## Platform. ##
## --------- ##

hostname = mt
uname -m = x86_64
uname -r = 6.2.0-32-generic
uname -s = Linux
uname -v = #32~22.04.1-Ubuntu SMP PREEMPT_DYNAMIC Fri Aug 18 10:40:13 UTC 2

/usr/bin/uname -p = x86_64
/bin/uname -X     = unknown

/bin/arch              = x86_64
/usr/bin/arch -k       = unknown
/usr/convex/getsysinfo = unknown
/usr/bin/hostinfo      = unknown
/bin/machine           = unknown
/usr/bin/oslevel       = unknown
/bin/universe          = unknown

PATH: /home/linuxbrew/.linuxbrew/bin/
PATH: /home/linuxbrew/.linuxbrew/sbin/
PATH: /usr/local/sbin/
PATH: /usr/local/bin/
PATH: /usr/sbin/
PATH: /usr/bin/
PATH: /sbin/
PATH: /bin/
PATH: /usr/games/
PATH: /usr/local/games/
PATH: /snap/bin/
PATH: /snap/bin/
PATH: /home/duy/Android/Sdk/emulator/
PATH: /home/duy/Android/Sdk/platform-tools/


## ----------- ##
## Core tests. ##
## ----------- ##

configure:2758: looking for aux files: config.guess config.sub ltmain.sh compile missing install-sh
configure:2771:  trying ./
configure:2800:   ./config.guess found
configure:2800:   ./config.sub found
configure:2800:   ./ltmain.sh found
configure:2800:   ./compile found
configure:2800:   ./missing found
configure:2782:   ./install-sh found
configure:2929: checking for a BSD-compatible install
configure:3002: result: /usr/bin/install -c
configure:3013: checking whether build environment is sane
configure:3068: result: yes
configure:3227: checking for a race-free mkdir -p
configure:3271: result: /usr/bin/mkdir -p
configure:3278: checking for gawk
configure:3313: result: no
configure:3278: checking for mawk
configure:3299: found /usr/bin/mawk
configure:3310: result: mawk
configure:3321: checking whether make sets $(MAKE)
configure:3344: result: yes
configure:3374: checking whether make supports nested variables
configure:3392: result: yes
configure:3542: checking whether make supports the include directive
configure:3557: make -f confmf.GNU && cat confinc.out
this is the am__doit target
configure:3560: $? = 0
configure:3579: result: yes (GNU style)
configure:3655: checking for gcc
configure:3676: found /usr/bin/gcc
configure:3687: result: gcc
configure:4040: checking for C compiler version
configure:4049: gcc --version >&5
gcc (Ubuntu 11.4.0-1ubuntu1~22.04) 11.4.0
Copyright (C) 2021 Free Software Foundation, Inc.
This is free software; see the source for copying conditions.  There is NO
warranty; not even for MERCHANTABILITY or FITNESS FOR A PARTICULAR PURPOSE.

configure:4060: $? = 0
configure:4049: gcc -v >&5
Using built-in specs.
COLLECT_GCC=gcc
COLLECT_LTO_WRAPPER=/usr/lib/gcc/x86_64-linux-gnu/11/lto-wrapper
OFFLOAD_TARGET_NAMES=nvptx-none:amdgcn-amdhsa
OFFLOAD_TARGET_DEFAULT=1
Target: x86_64-linux-gnu
Configured with: ../src/configure -v --with-pkgversion='Ubuntu 11.4.0-1ubuntu1~22.04' --with-bugurl=file:///usr/share/doc/gcc-11/README.Bugs --enable-languages=c,ada,c++,go,brig,d,fortran,objc,obj-c++,m2 --prefix=/usr --with-gcc-major-version-only --program-suffix=-11 --program-prefix=x86_64-linux-gnu- --enable-shared --enable-linker-build-id --libexecdir=/usr/lib --without-included-gettext --enable-threads=posix --libdir=/usr/lib --enable-nls --enable-bootstrap --enable-clocale=gnu --enable-libstdcxx-debug --enable-libstdcxx-time=yes --with-default-libstdcxx-abi=new --enable-gnu-unique-object --disable-vtable-verify --enable-plugin --enable-default-pie --with-system-zlib --enable-libphobos-checking=release --with-target-system-zlib=auto --enable-objc-gc=auto --enable-multiarch --disable-werror --enable-cet --with-arch-32=i686 --with-abi=m64 --with-multilib-list=m32,m64,mx32 --enable-multilib --with-tune=generic --enable-offload-targets=nvptx-none=/build/gcc-11-XeT9lY/gcc-11-11.4.0/debian/tmp-nvptx/usr,amdgcn-amdhsa=/build/gcc-11-XeT9lY/gcc-11-11.4.0/debian/tmp-gcn/usr --without-cuda-driver --enable-checking=release --build=x86_64-linux-gnu --host=x86_64-linux-gnu --target=x86_64-linux-gnu --with-build-config=bootstrap-lto-lean --enable-link-serialization=2
Thread model: posix
Supported LTO compression algorithms: zlib zstd
gcc version 11.4.0 (Ubuntu 11.4.0-1ubuntu1~22.04) 
... rest of stderr output deleted ...
configure:4060: $? = 0
configure:4049: gcc -V >&5
gcc: error: unrecognized command-line option '-V'
gcc: fatal error: no input files
compilation terminated.
configure:4060: $? = 1
configure:4049: gcc -qversion >&5
gcc: error: unrecognized command-line option '-qversion'; did you mean '--version'?
gcc: fatal error: no input files
compilation terminated.
configure:4060: $? = 1
configure:4049: gcc -version >&5
gcc: error: unrecognized command-line option '-version'
gcc: fatal error: no input files
compilation terminated.
configure:4060: $? = 1
configure:4080: checking whether the C compiler works
configure:4102: gcc -g -O0   conftest.c  >&5
configure:4106: $? = 0
configure:4156: result: yes
configure:4159: checking for C compiler default output file name
configure:4161: result: a.out
configure:4167: checking for suffix of executables
configure:4174: gcc -o conftest -g -O0   conftest.c  >&5
configure:4178: $? = 0
configure:4201: result: 
configure:4223: checking whether we are cross compiling
configure:4231: gcc -o conftest -g -O0   conftest.c  >&5
configure:4235: $? = 0
configure:4242: ./conftest
configure:4246: $? = 0
configure:4261: result: no
configure:4266: checking for suffix of object files
configure:4289: gcc -c -g -O0  conftest.c >&5
configure:4293: $? = 0
configure:4315: result: o
configure:4319: checking whether the compiler supports GNU C
configure:4339: gcc -c -g -O0  conftest.c >&5
configure:4339: $? = 0
configure:4349: result: yes
configure:4360: checking whether gcc accepts -g
configure:4381: gcc -c -g  conftest.c >&5
configure:4381: $? = 0
configure:4425: result: yes
configure:4445: checking for gcc option to enable C11 features
configure:4460: gcc  -c -g -O0  conftest.c >&5
configure:4460: $? = 0
configure:4478: result: none needed
configure:4594: checking whether gcc understands -c and -o together
configure:4617: gcc -c conftest.c -o conftest2.o
configure:4620: $? = 0
configure:4617: gcc -c conftest.c -o conftest2.o
configure:4620: $? = 0
configure:4632: result: yes
configure:4651: checking dependency style of gcc
configure:4763: result: gcc3
configure:4783: checking for stdio.h
configure:4783: gcc -c -g -O0  conftest.c >&5
configure:4783: $? = 0
configure:4783: result: yes
configure:4783: checking for stdlib.h
configure:4783: gcc -c -g -O0  conftest.c >&5
configure:4783: $? = 0
configure:4783: result: yes
configure:4783: checking for string.h
configure:4783: gcc -c -g -O0  conftest.c >&5
configure:4783: $? = 0
configure:4783: result: yes
configure:4783: checking for inttypes.h
configure:4783: gcc -c -g -O0  conftest.c >&5
configure:4783: $? = 0
configure:4783: result: yes
configure:4783: checking for stdint.h
configure:4783: gcc -c -g -O0  conftest.c >&5
configure:4783: $? = 0
configure:4783: result: yes
configure:4783: checking for strings.h
configure:4783: gcc -c -g -O0  conftest.c >&5
configure:4783: $? = 0
configure:4783: result: yes
configure:4783: checking for sys/stat.h
configure:4783: gcc -c -g -O0  conftest.c >&5
configure:4783: $? = 0
configure:4783: result: yes
configure:4783: checking for sys/types.h
configure:4783: gcc -c -g -O0  conftest.c >&5
configure:4783: $? = 0
configure:4783: result: yes
configure:4783: checking for unistd.h
configure:4783: gcc -c -g -O0  conftest.c >&5
configure:4783: $? = 0
configure:4783: result: yes
configure:4783: checking for wchar.h
configure:4783: gcc -c -g -O0  conftest.c >&5
configure:4783: $? = 0
configure:4783: result: yes
configure:4783: checking for minix/config.h
configure:4783: gcc -c -g -O0  conftest.c >&5
conftest.c:49:10: fatal error: minix/config.h: No such file or directory
   49 | #include <minix/config.h>
      |          ^~~~~~~~~~~~~~~~
compilation terminated.
configure:4783: $? = 1
configure: failed program was:
| /* confdefs.h */
| #define PACKAGE_NAME "Tiechu"
| #define PACKAGE_TARNAME "Tiechu"
| #define PACKAGE_VERSION "1.3.2.20230912"
| #define PACKAGE_STRING "Tiechu 1.3.2.20230912"
| #define PACKAGE_BUGREPORT "https://github.com/duythaia3/tiechu"
| #define PACKAGE_URL ""
| #define PACKAGE "Tiechu"
| #define VERSION "1.3.2.20230912"
| #define HAVE_STDIO_H 1
| #define HAVE_STDLIB_H 1
| #define HAVE_STRING_H 1
| #define HAVE_INTTYPES_H 1
| #define HAVE_STDINT_H 1
| #define HAVE_STRINGS_H 1
| #define HAVE_SYS_STAT_H 1
| #define HAVE_SYS_TYPES_H 1
| #define HAVE_UNISTD_H 1
| #define HAVE_WCHAR_H 1
| /* end confdefs.h.  */
| #include <stddef.h>
| #ifdef HAVE_STDIO_H
| # include <stdio.h>
| #endif
| #ifdef HAVE_STDLIB_H
| # include <stdlib.h>
| #endif
| #ifdef HAVE_STRING_H
| # include <string.h>
| #endif
| #ifdef HAVE_INTTYPES_H
| # include <inttypes.h>
| #endif
| #ifdef HAVE_STDINT_H
| # include <stdint.h>
| #endif
| #ifdef HAVE_STRINGS_H
| # include <strings.h>
| #endif
| #ifdef HAVE_SYS_TYPES_H
| # include <sys/types.h>
| #endif
| #ifdef HAVE_SYS_STAT_H
| # include <sys/stat.h>
| #endif
| #ifdef HAVE_UNISTD_H
| # include <unistd.h>
| #endif
| #include <minix/config.h>
configure:4783: result: no
configure:4814: checking whether it is safe to define __EXTENSIONS__
configure:4833: gcc -c -g -O0  conftest.c >&5
configure:4833: $? = 0
configure:4841: result: yes
configure:4844: checking whether _XOPEN_SOURCE should be defined
configure:4866: gcc -c -g -O0  conftest.c >&5
configure:4866: $? = 0
configure:4893: result: no
configure:4966: checking whether make supports nested variables
configure:4984: result: yes
configure:4999: checking whether build environment is sane
configure:5054: result: yes
configure:5067: checking whether to enable maintainer-specific portions of Makefiles
configure:5077: result: yes
configure:5175: checking for gcc
configure:5207: result: gcc
configure:5560: checking for C compiler version
configure:5569: gcc --version >&5
gcc (Ubuntu 11.4.0-1ubuntu1~22.04) 11.4.0
Copyright (C) 2021 Free Software Foundation, Inc.
This is free software; see the source for copying conditions.  There is NO
warranty; not even for MERCHANTABILITY or FITNESS FOR A PARTICULAR PURPOSE.

configure:5580: $? = 0
configure:5569: gcc -v >&5
Using built-in specs.
COLLECT_GCC=gcc
COLLECT_LTO_WRAPPER=/usr/lib/gcc/x86_64-linux-gnu/11/lto-wrapper
OFFLOAD_TARGET_NAMES=nvptx-none:amdgcn-amdhsa
OFFLOAD_TARGET_DEFAULT=1
Target: x86_64-linux-gnu
Configured with: ../src/configure -v --with-pkgversion='Ubuntu 11.4.0-1ubuntu1~22.04' --with-bugurl=file:///usr/share/doc/gcc-11/README.Bugs --enable-languages=c,ada,c++,go,brig,d,fortran,objc,obj-c++,m2 --prefix=/usr --with-gcc-major-version-only --program-suffix=-11 --program-prefix=x86_64-linux-gnu- --enable-shared --enable-linker-build-id --libexecdir=/usr/lib --without-included-gettext --enable-threads=posix --libdir=/usr/lib --enable-nls --enable-bootstrap --enable-clocale=gnu --enable-libstdcxx-debug --enable-libstdcxx-time=yes --with-default-libstdcxx-abi=new --enable-gnu-unique-object --disable-vtable-verify --enable-plugin --enable-default-pie --with-system-zlib --enable-libphobos-checking=release --with-target-system-zlib=auto --enable-objc-gc=auto --enable-multiarch --disable-werror --enable-cet --with-arch-32=i686 --with-abi=m64 --with-multilib-list=m32,m64,mx32 --enable-multilib --with-tune=generic --enable-offload-targets=nvptx-none=/build/gcc-11-XeT9lY/gcc-11-11.4.0/debian/tmp-nvptx/usr,amdgcn-amdhsa=/build/gcc-11-XeT9lY/gcc-11-11.4.0/debian/tmp-gcn/usr --without-cuda-driver --enable-checking=release --build=x86_64-linux-gnu --host=x86_64-linux-gnu --target=x86_64-linux-gnu --with-build-config=bootstrap-lto-lean --enable-link-serialization=2
Thread model: posix
Supported LTO compression algorithms: zlib zstd
gcc version 11.4.0 (Ubuntu 11.4.0-1ubuntu1~22.04) 
... rest of stderr output deleted ...
configure:5580: $? = 0
configure:5569: gcc -V >&5
gcc: error: unrecognized command-line option '-V'
gcc: fatal error: no input files
compilation terminated.
configure:5580: $? = 1
configure:5569: gcc -qversion >&5
gcc: error: unrecognized command-line option '-qversion'; did you mean '--version'?
gcc: fatal error: no input files
compilation terminated.
configure:5580: $? = 1
configure:5569: gcc -version >&5
gcc: error: unrecognized command-line option '-version'
gcc: fatal error: no input files
compilation terminated.
configure:5580: $? = 1
configure:5584: checking whether the compiler supports GNU C
configure:5614: result: yes
configure:5625: checking whether gcc accepts -g
configure:5690: result: yes
configure:5710: checking for gcc option to enable C11 features
configure:5743: result: none needed
configure:5859: checking whether gcc understands -c and -o together
configure:5897: result: yes
configure:5916: checking dependency style of gcc
configure:6028: result: gcc3
configure:6113: checking for g++
configure:6134: found /usr/bin/g++
configure:6145: result: g++
configure:6172: checking for C++ compiler version
configure:6181: g++ --version >&5
g++ (Ubuntu 11.4.0-1ubuntu1~22.04) 11.4.0
Copyright (C) 2021 Free Software Foundation, Inc.
This is free software; see the source for copying conditions.  There is NO
warranty; not even for MERCHANTABILITY or FITNESS FOR A PARTICULAR PURPOSE.

configure:6192: $? = 0
configure:6181: g++ -v >&5
Using built-in specs.
COLLECT_GCC=g++
COLLECT_LTO_WRAPPER=/usr/lib/gcc/x86_64-linux-gnu/11/lto-wrapper
OFFLOAD_TARGET_NAMES=nvptx-none:amdgcn-amdhsa
OFFLOAD_TARGET_DEFAULT=1
Target: x86_64-linux-gnu
Configured with: ../src/configure -v --with-pkgversion='Ubuntu 11.4.0-1ubuntu1~22.04' --with-bugurl=file:///usr/share/doc/gcc-11/README.Bugs --enable-languages=c,ada,c++,go,brig,d,fortran,objc,obj-c++,m2 --prefix=/usr --with-gcc-major-version-only --program-suffix=-11 --program-prefix=x86_64-linux-gnu- --enable-shared --enable-linker-build-id --libexecdir=/usr/lib --without-included-gettext --enable-threads=posix --libdir=/usr/lib --enable-nls --enable-bootstrap --enable-clocale=gnu --enable-libstdcxx-debug --enable-libstdcxx-time=yes --with-default-libstdcxx-abi=new --enable-gnu-unique-object --disable-vtable-verify --enable-plugin --enable-default-pie --with-system-zlib --enable-libphobos-checking=release --with-target-system-zlib=auto --enable-objc-gc=auto --enable-multiarch --disable-werror --enable-cet --with-arch-32=i686 --with-abi=m64 --with-multilib-list=m32,m64,mx32 --enable-multilib --with-tune=generic --enable-offload-targets=nvptx-none=/build/gcc-11-XeT9lY/gcc-11-11.4.0/debian/tmp-nvptx/usr,amdgcn-amdhsa=/build/gcc-11-XeT9lY/gcc-11-11.4.0/debian/tmp-gcn/usr --without-cuda-driver --enable-checking=release --build=x86_64-linux-gnu --host=x86_64-linux-gnu --target=x86_64-linux-gnu --with-build-config=bootstrap-lto-lean --enable-link-serialization=2
Thread model: posix
Supported LTO compression algorithms: zlib zstd
gcc version 11.4.0 (Ubuntu 11.4.0-1ubuntu1~22.04) 
... rest of stderr output deleted ...
configure:6192: $? = 0
configure:6181: g++ -V >&5
g++: error: unrecognized command-line option '-V'
g++: fatal error: no input files
compilation terminated.
configure:6192: $? = 1
configure:6181: g++ -qversion >&5
g++: error: unrecognized command-line option '-qversion'; did you mean '--version'?
g++: fatal error: no input files
compilation terminated.
configure:6192: $? = 1
configure:6196: checking whether the compiler supports GNU C++
configure:6216: g++ -c -g -O0  conftest.cpp >&5
configure:6216: $? = 0
configure:6226: result: yes
configure:6237: checking whether g++ accepts -g
configure:6258: g++ -c -g  conftest.cpp >&5
configure:6258: $? = 0
configure:6302: result: yes
configure:6322: checking for g++ option to enable C++11 features
configure:6337: g++  -c -g -O0  conftest.cpp >&5
conftest.cpp: In function 'int main(int, char**)':
conftest.cpp:204:25: warning: empty parentheses were disambiguated as a function declaration [-Wvexing-parse]
  204 |   cxx11test::delegate d2();
      |                         ^~
conftest.cpp:204:25: note: remove parentheses to default-initialize a variable
  204 |   cxx11test::delegate d2();
      |                         ^~
      |                         --
conftest.cpp:204:25: note: or replace parentheses with braces to value-initialize a variable
configure:6337: $? = 0
configure:6355: result: none needed
configure:6421: checking dependency style of g++
configure:6533: result: gcc3
configure:6548: checking for library containing strerror
configure:6578: gcc -o conftest -g -O0   conftest.c  >&5
configure:6578: $? = 0
configure:6598: result: none required
configure:6607: checking for grep that handles long lines and -e
configure:6671: result: /usr/bin/grep
configure:6679: checking for egrep
configure:6747: result: /usr/bin/grep -E
configure:6785: checking build system type
configure:6800: result: x86_64-pc-linux-gnu
configure:6820: checking host system type
configure:6834: result: x86_64-pc-linux-gnu
configure:6875: checking how to print strings
configure:6902: result: printf
configure:6923: checking for a sed that does not truncate output
configure:6993: result: /usr/bin/sed
configure:7011: checking for fgrep
configure:7079: result: /usr/bin/grep -F
configure:7115: checking for ld used by gcc
configure:7183: result: /usr/bin/ld
configure:7190: checking if the linker (/usr/bin/ld) is GNU ld
configure:7206: result: yes
configure:7218: checking for BSD- or MS-compatible name lister (nm)
configure:7273: result: /usr/bin/nm -B
configure:7413: checking the name lister (/usr/bin/nm -B) interface
configure:7421: gcc -c -g -O0  conftest.c >&5
configure:7424: /usr/bin/nm -B "conftest.o"
configure:7427: output
0000000000000000 B some_variable
configure:7434: result: BSD nm
configure:7437: checking whether ln -s works
configure:7441: result: yes
configure:7449: checking the maximum length of command line arguments
configure:7581: result: 1572864
configure:7629: checking how to convert x86_64-pc-linux-gnu file names to x86_64-pc-linux-gnu format
configure:7670: result: func_convert_file_noop
configure:7677: checking how to convert x86_64-pc-linux-gnu file names to toolchain format
configure:7698: result: func_convert_file_noop
configure:7705: checking for /usr/bin/ld option to reload object files
configure:7713: result: -r
configure:7792: checking for objdump
configure:7813: found /usr/bin/objdump
configure:7824: result: objdump
configure:7856: checking how to recognize dependent libraries
configure:8057: result: pass_all
configure:8147: checking for dlltool
configure:8182: result: no
configure:8212: checking how to associate runtime and link libraries
configure:8240: result: printf %s\n
configure:8305: checking for ar
configure:8326: found /usr/bin/ar
configure:8337: result: ar
configure:8374: checking for archiver @FILE support
configure:8392: gcc -c -g -O0  conftest.c >&5
configure:8392: $? = 0
configure:8396: ar cr libconftest.a @conftest.lst >&5
configure:8399: $? = 0
configure:8404: ar cr libconftest.a @conftest.lst >&5
ar: conftest.o: No such file or directory
configure:8407: $? = 1
configure:8419: result: @
configure:8482: checking for strip
configure:8503: found /usr/bin/strip
configure:8514: result: strip
configure:8591: checking for ranlib
configure:8612: found /usr/bin/ranlib
configure:8623: result: ranlib
configure:8725: checking command to parse /usr/bin/nm -B output from gcc object
configure:8879: gcc -c -g -O0  conftest.c >&5
configure:8882: $? = 0
configure:8886: /usr/bin/nm -B conftest.o | sed -n -e 's/^.*[	 ]\([ABCDGIRSTW][ABCDGIRSTW]*\)[	 ][	 ]*\([_A-Za-z][_A-Za-z0-9]*\)$/\1 \2 \2/p' | sed '/ __gnu_lto/d' > conftest.nm
configure:8952: gcc -o conftest -g -O0   conftest.c conftstm.o >&5
configure:8955: $? = 0
configure:8993: result: ok
configure:9040: checking for sysroot
configure:9071: result: no
configure:9078: checking for a working dd
configure:9122: result: /usr/bin/dd
configure:9126: checking how to truncate binary pipes
configure:9142: result: /usr/bin/dd bs=4096 count=1
configure:9279: gcc -c -g -O0  conftest.c >&5
configure:9282: $? = 0
configure:9479: checking for mt
configure:9500: found /usr/bin/mt
configure:9511: result: mt
configure:9534: checking if mt is a manifest tool
configure:9541: mt '-?'
configure:9549: result: no
configure:10275: checking for dlfcn.h
configure:10275: gcc -c -g -O0  conftest.c >&5
configure:10275: $? = 0
configure:10275: result: yes
configure:10514: checking for objdir
configure:10530: result: .libs
configure:10794: checking if gcc supports -fno-rtti -fno-exceptions
configure:10813: gcc -c -g -O0  -fno-rtti -fno-exceptions conftest.c >&5
cc1: warning: command-line option '-fno-rtti' is valid for C++/D/ObjC++ but not for C
configure:10817: $? = 0
configure:10830: result: no
configure:11194: checking for gcc option to produce PIC
configure:11202: result: -fPIC -DPIC
configure:11210: checking if gcc PIC flag -fPIC -DPIC works
configure:11229: gcc -c -g -O0  -fPIC -DPIC -DPIC conftest.c >&5
configure:11233: $? = 0
configure:11246: result: yes
configure:11275: checking if gcc static flag -static works
configure:11304: result: yes
configure:11319: checking if gcc supports -c -o file.o
configure:11341: gcc -c -g -O0  -o out/conftest2.o conftest.c >&5
configure:11345: $? = 0
configure:11367: result: yes
configure:11375: checking if gcc supports -c -o file.o
configure:11423: result: yes
configure:11456: checking whether the gcc linker (/usr/bin/ld -m elf_x86_64) supports shared libraries
configure:12726: result: yes
configure:12763: checking whether -lc should be explicitly linked in
configure:12772: gcc -c -g -O0  conftest.c >&5
configure:12775: $? = 0
configure:12790: gcc -shared  -fPIC -DPIC conftest.o  -v -Wl,-soname -Wl,conftest -o conftest 2\>\&1 \| /usr/bin/grep  -lc  \>/dev/null 2\>\&1
configure:12793: $? = 0
configure:12807: result: no
configure:12967: checking dynamic linker characteristics
configure:13549: gcc -o conftest -g -O0   -Wl,-rpath -Wl,/foo conftest.c  >&5
configure:13549: $? = 0
configure:13800: result: GNU/Linux ld.so
configure:13922: checking how to hardcode library paths into programs
configure:13947: result: immediate
configure:14499: checking whether stripping libraries is possible
configure:14504: result: yes
configure:14539: checking if libtool supports shared libraries
configure:14541: result: yes
configure:14544: checking whether to build shared libraries
configure:14569: result: yes
configure:14572: checking whether to build static libraries
configure:14576: result: no
configure:14599: checking how to run the C++ preprocessor
configure:14621: g++ -E  conftest.cpp
configure:14621: $? = 0
configure:14636: g++ -E  conftest.cpp
conftest.cpp:40:10: fatal error: ac_nonexistent.h: No such file or directory
   40 | #include <ac_nonexistent.h>
      |          ^~~~~~~~~~~~~~~~~~
compilation terminated.
configure:14636: $? = 1
configure: failed program was:
| /* confdefs.h */
| #define PACKAGE_NAME "Tiechu"
| #define PACKAGE_TARNAME "Tiechu"
| #define PACKAGE_VERSION "1.3.2.20230912"
| #define PACKAGE_STRING "Tiechu 1.3.2.20230912"
| #define PACKAGE_BUGREPORT "https://github.com/duythaia3/tiechu"
| #define PACKAGE_URL ""
| #define PACKAGE "Tiechu"
| #define VERSION "1.3.2.20230912"
| #define HAVE_STDIO_H 1
| #define HAVE_STDLIB_H 1
| #define HAVE_STRING_H 1
| #define HAVE_INTTYPES_H 1
| #define HAVE_STDINT_H 1
| #define HAVE_STRINGS_H 1
| #define HAVE_SYS_STAT_H 1
| #define HAVE_SYS_TYPES_H 1
| #define HAVE_UNISTD_H 1
| #define HAVE_WCHAR_H 1
| #define STDC_HEADERS 1
| #define _ALL_SOURCE 1
| #define _DARWIN_C_SOURCE 1
| #define _GNU_SOURCE 1
| #define _HPUX_ALT_XOPEN_SOCKET_API 1
| #define _NETBSD_SOURCE 1
| #define _OPENBSD_SOURCE 1
| #define _POSIX_PTHREAD_SEMANTICS 1
| #define __STDC_WANT_IEC_60559_ATTRIBS_EXT__ 1
| #define __STDC_WANT_IEC_60559_BFP_EXT__ 1
| #define __STDC_WANT_IEC_60559_DFP_EXT__ 1
| #define __STDC_WANT_IEC_60559_FUNCS_EXT__ 1
| #define __STDC_WANT_IEC_60559_TYPES_EXT__ 1
| #define __STDC_WANT_LIB_EXT2__ 1
| #define __STDC_WANT_MATH_SPEC_FUNCS__ 1
| #define _TANDEM_SOURCE 1
| #define __EXTENSIONS__ 1
| #define HAVE_DLFCN_H 1
| #define LT_OBJDIR ".libs/"
| /* end confdefs.h.  */
| #include <ac_nonexistent.h>
configure:14663: result: g++ -E
configure:14677: g++ -E  conftest.cpp
configure:14677: $? = 0
configure:14692: g++ -E  conftest.cpp
conftest.cpp:40:10: fatal error: ac_nonexistent.h: No such file or directory
   40 | #include <ac_nonexistent.h>
      |          ^~~~~~~~~~~~~~~~~~
compilation terminated.
configure:14692: $? = 1
configure: failed program was:
| /* confdefs.h */
| #define PACKAGE_NAME "Tiechu"
| #define PACKAGE_TARNAME "Tiechu"
| #define PACKAGE_VERSION "1.3.2.20230912"
| #define PACKAGE_STRING "Tiechu 1.3.2.20230912"
| #define PACKAGE_BUGREPORT "https://github.com/duythaia3/tiechu"
| #define PACKAGE_URL ""
| #define PACKAGE "Tiechu"
| #define VERSION "1.3.2.20230912"
| #define HAVE_STDIO_H 1
| #define HAVE_STDLIB_H 1
| #define HAVE_STRING_H 1
| #define HAVE_INTTYPES_H 1
| #define HAVE_STDINT_H 1
| #define HAVE_STRINGS_H 1
| #define HAVE_SYS_STAT_H 1
| #define HAVE_SYS_TYPES_H 1
| #define HAVE_UNISTD_H 1
| #define HAVE_WCHAR_H 1
| #define STDC_HEADERS 1
| #define _ALL_SOURCE 1
| #define _DARWIN_C_SOURCE 1
| #define _GNU_SOURCE 1
| #define _HPUX_ALT_XOPEN_SOCKET_API 1
| #define _NETBSD_SOURCE 1
| #define _OPENBSD_SOURCE 1
| #define _POSIX_PTHREAD_SEMANTICS 1
| #define __STDC_WANT_IEC_60559_ATTRIBS_EXT__ 1
| #define __STDC_WANT_IEC_60559_BFP_EXT__ 1
| #define __STDC_WANT_IEC_60559_DFP_EXT__ 1
| #define __STDC_WANT_IEC_60559_FUNCS_EXT__ 1
| #define __STDC_WANT_IEC_60559_TYPES_EXT__ 1
| #define __STDC_WANT_LIB_EXT2__ 1
| #define __STDC_WANT_MATH_SPEC_FUNCS__ 1
| #define _TANDEM_SOURCE 1
| #define __EXTENSIONS__ 1
| #define HAVE_DLFCN_H 1
| #define LT_OBJDIR ".libs/"
| /* end confdefs.h.  */
| #include <ac_nonexistent.h>
configure:14857: checking for ld used by g++
configure:14925: result: /usr/bin/ld -m elf_x86_64
configure:14932: checking if the linker (/usr/bin/ld -m elf_x86_64) is GNU ld
configure:14948: result: yes
configure:15003: checking whether the g++ linker (/usr/bin/ld -m elf_x86_64) supports shared libraries
configure:16080: result: yes
configure:16116: g++ -c -g -O0  conftest.cpp >&5
configure:16119: $? = 0
configure:16600: checking for g++ option to produce PIC
configure:16608: result: -fPIC -DPIC
configure:16616: checking if g++ PIC flag -fPIC -DPIC works
configure:16635: g++ -c -g -O0  -fPIC -DPIC -DPIC conftest.cpp >&5
configure:16639: $? = 0
configure:16652: result: yes
configure:16675: checking if g++ static flag -static works
configure:16704: result: yes
configure:16716: checking if g++ supports -c -o file.o
configure:16738: g++ -c -g -O0  -o out/conftest2.o conftest.cpp >&5
configure:16742: $? = 0
configure:16764: result: yes
configure:16769: checking if g++ supports -c -o file.o
configure:16817: result: yes
configure:16847: checking whether the g++ linker (/usr/bin/ld -m elf_x86_64) supports shared libraries
configure:16890: result: yes
configure:17032: checking dynamic linker characteristics
configure:17792: result: GNU/Linux ld.so
configure:17857: checking how to hardcode library paths into programs
configure:17882: result: immediate
configure:18004: checking for pkg-config
configure:18027: found /usr/bin/pkg-config
configure:18039: result: /usr/bin/pkg-config
configure:18064: checking pkg-config is at least version 0.9.0
configure:18067: result: yes
configure:18077: checking for
    ibus-1.0 >= 1.5.11

configure:18088: $PKG_CONFIG --exists --print-errors "
    ibus-1.0 >= 1.5.11
"
configure:18095: $? = 0
configure:18111: $PKG_CONFIG --exists --print-errors "
    ibus-1.0 >= 1.5.11
"
configure:18118: $? = 0
configure:18184: result: yes
configure:18197: checking for
    sqlite3

configure:18208: $PKG_CONFIG --exists --print-errors "
    sqlite3
"
configure:18215: $? = 0
configure:18231: $PKG_CONFIG --exists --print-errors "
    sqlite3
"
configure:18238: $? = 0
configure:18304: result: yes
configure:18332: checking for locale.h
configure:18332: gcc -c -g -O0  conftest.c >&5
configure:18332: $? = 0
configure:18332: result: yes
configure:18340: checking for LC_MESSAGES
configure:18357: gcc -o conftest -g -O0   conftest.c  >&5
configure:18357: $? = 0
configure:18366: result: yes
configure:18384: checking for CFPreferencesCopyAppValue
configure:18403: gcc -o conftest -g -O0   conftest.c  -Wl,-framework -Wl,CoreFoundation >&5
conftest.c:43:10: fatal error: CoreFoundation/CFPreferences.h: No such file or directory
   43 | #include <CoreFoundation/CFPreferences.h>
      |          ^~~~~~~~~~~~~~~~~~~~~~~~~~~~~~~~
compilation terminated.
configure:18403: $? = 1
configure: failed program was:
| /* confdefs.h */
| #define PACKAGE_NAME "Tiechu"
| #define PACKAGE_TARNAME "Tiechu"
| #define PACKAGE_VERSION "1.3.2.20230912"
| #define PACKAGE_STRING "Tiechu 1.3.2.20230912"
| #define PACKAGE_BUGREPORT "https://github.com/duythaia3/tiechu"
| #define PACKAGE_URL ""
| #define PACKAGE "Tiechu"
| #define VERSION "1.3.2.20230912"
| #define HAVE_STDIO_H 1
| #define HAVE_STDLIB_H 1
| #define HAVE_STRING_H 1
| #define HAVE_INTTYPES_H 1
| #define HAVE_STDINT_H 1
| #define HAVE_STRINGS_H 1
| #define HAVE_SYS_STAT_H 1
| #define HAVE_SYS_TYPES_H 1
| #define HAVE_UNISTD_H 1
| #define HAVE_WCHAR_H 1
| #define STDC_HEADERS 1
| #define _ALL_SOURCE 1
| #define _DARWIN_C_SOURCE 1
| #define _GNU_SOURCE 1
| #define _HPUX_ALT_XOPEN_SOCKET_API 1
| #define _NETBSD_SOURCE 1
| #define _OPENBSD_SOURCE 1
| #define _POSIX_PTHREAD_SEMANTICS 1
| #define __STDC_WANT_IEC_60559_ATTRIBS_EXT__ 1
| #define __STDC_WANT_IEC_60559_BFP_EXT__ 1
| #define __STDC_WANT_IEC_60559_DFP_EXT__ 1
| #define __STDC_WANT_IEC_60559_FUNCS_EXT__ 1
| #define __STDC_WANT_IEC_60559_TYPES_EXT__ 1
| #define __STDC_WANT_LIB_EXT2__ 1
| #define __STDC_WANT_MATH_SPEC_FUNCS__ 1
| #define _TANDEM_SOURCE 1
| #define __EXTENSIONS__ 1
| #define HAVE_DLFCN_H 1
| #define LT_OBJDIR ".libs/"
| #define GETTEXT_PACKAGE "Tiechu"
| #define HAVE_LOCALE_H 1
| #define HAVE_LC_MESSAGES 1
| /* end confdefs.h.  */
| #include <CoreFoundation/CFPreferences.h>
| int
| main (void)
| {
| CFPreferencesCopyAppValue(NULL, NULL)
|   ;
|   return 0;
| }
configure:18413: result: no
configure:18420: checking for CFLocaleCopyCurrent
configure:18439: gcc -o conftest -g -O0   conftest.c  -Wl,-framework -Wl,CoreFoundation >&5
conftest.c:43:10: fatal error: CoreFoundation/CFLocale.h: No such file or directory
   43 | #include <CoreFoundation/CFLocale.h>
      |          ^~~~~~~~~~~~~~~~~~~~~~~~~~~
compilation terminated.
configure:18439: $? = 1
configure: failed program was:
| /* confdefs.h */
| #define PACKAGE_NAME "Tiechu"
| #define PACKAGE_TARNAME "Tiechu"
| #define PACKAGE_VERSION "1.3.2.20230912"
| #define PACKAGE_STRING "Tiechu 1.3.2.20230912"
| #define PACKAGE_BUGREPORT "https://github.com/duythaia3/tiechu"
| #define PACKAGE_URL ""
| #define PACKAGE "Tiechu"
| #define VERSION "1.3.2.20230912"
| #define HAVE_STDIO_H 1
| #define HAVE_STDLIB_H 1
| #define HAVE_STRING_H 1
| #define HAVE_INTTYPES_H 1
| #define HAVE_STDINT_H 1
| #define HAVE_STRINGS_H 1
| #define HAVE_SYS_STAT_H 1
| #define HAVE_SYS_TYPES_H 1
| #define HAVE_UNISTD_H 1
| #define HAVE_WCHAR_H 1
| #define STDC_HEADERS 1
| #define _ALL_SOURCE 1
| #define _DARWIN_C_SOURCE 1
| #define _GNU_SOURCE 1
| #define _HPUX_ALT_XOPEN_SOCKET_API 1
| #define _NETBSD_SOURCE 1
| #define _OPENBSD_SOURCE 1
| #define _POSIX_PTHREAD_SEMANTICS 1
| #define __STDC_WANT_IEC_60559_ATTRIBS_EXT__ 1
| #define __STDC_WANT_IEC_60559_BFP_EXT__ 1
| #define __STDC_WANT_IEC_60559_DFP_EXT__ 1
| #define __STDC_WANT_IEC_60559_FUNCS_EXT__ 1
| #define __STDC_WANT_IEC_60559_TYPES_EXT__ 1
| #define __STDC_WANT_LIB_EXT2__ 1
| #define __STDC_WANT_MATH_SPEC_FUNCS__ 1
| #define _TANDEM_SOURCE 1
| #define __EXTENSIONS__ 1
| #define HAVE_DLFCN_H 1
| #define LT_OBJDIR ".libs/"
| #define GETTEXT_PACKAGE "Tiechu"
| #define HAVE_LOCALE_H 1
| #define HAVE_LC_MESSAGES 1
| /* end confdefs.h.  */
| #include <CoreFoundation/CFLocale.h>
| int
| main (void)
| {
| CFLocaleCopyCurrent();
|   ;
|   return 0;
| }
configure:18449: result: no
configure:18463: checking for libintl.h
configure:18463: gcc -c -g -O0  conftest.c >&5
configure:18463: $? = 0
configure:18463: result: yes
configure:18472: checking for ngettext in libc
configure:18491: gcc -o conftest -g -O0   conftest.c  >&5
configure:18491: $? = 0
configure:18501: result: yes
configure:18505: checking for dgettext in libc
configure:18524: gcc -o conftest -g -O0   conftest.c  >&5
configure:18524: $? = 0
configure:18534: result: yes
configure:18539: checking for bind_textdomain_codeset
configure:18539: gcc -o conftest -g -O0   conftest.c  >&5
configure:18539: $? = 0
configure:18539: result: yes
configure:18809: checking for msgfmt
configure:18840: result: no
configure:19224: checking that generated files are newer than configure
configure:19230: result: done
configure:19248: checking that generated files are newer than configure
configure:19254: result: done
configure:19273: creating ./config.status

## ---------------------- ##
## Running config.status. ##
## ---------------------- ##

This file was extended by Tiechu config.status 1.3.2.20230912, which was
generated by GNU Autoconf 2.71.  Invocation command line was

  CONFIG_FILES    = 
  CONFIG_HEADERS  = 
  CONFIG_LINKS    = 
  CONFIG_COMMANDS = 
  $ ./config.status 

on mt

config.status:1202: creating Makefile
config.status:1202: creating property/Makefile
config.status:1202: creating Tiechu.spec
config.status:1202: creating src/Makefile
config.status:1202: creating src/Tiechu.xml.in
config.status:1202: creating icons/Makefile
config.status:1202: creating config/Makefile
config.status:1202: creating csdl/Makefile
config.status:1202: creating m4/Makefile
config.status:1202: creating config.h
config.status:1383: config.h is unchanged
config.status:1431: executing depfiles commands
config.status:1508: cd property       && sed -e '/# am--include-marker/d' Makefile         | make -f - am--depfiles
make: Nothing to be done for 'am--depfiles'.
config.status:1513: $? = 0
config.status:1508: cd src       && sed -e '/# am--include-marker/d' Makefile         | make -f - am--depfiles
config.status:1513: $? = 0
config.status:1431: executing libtool commands
config.status:1431: executing default-1 commands

## ---------------- ##
## Cache variables. ##
## ---------------- ##

ac_cv_build=x86_64-pc-linux-gnu
ac_cv_c_compiler_gnu=yes
ac_cv_cxx_compiler_gnu=yes
ac_cv_env_CCC_set=
ac_cv_env_CCC_value=
ac_cv_env_CC_set=
ac_cv_env_CC_value=
ac_cv_env_CFLAGS_set=set
ac_cv_env_CFLAGS_value='-g -O0'
ac_cv_env_CPPFLAGS_set=
ac_cv_env_CPPFLAGS_value=
ac_cv_env_CXXCPP_set=
ac_cv_env_CXXCPP_value=
ac_cv_env_CXXFLAGS_set=set
ac_cv_env_CXXFLAGS_value='-g -O0'
ac_cv_env_CXX_set=
ac_cv_env_CXX_value=
ac_cv_env_IBUS_CFLAGS_set=
ac_cv_env_IBUS_CFLAGS_value=
ac_cv_env_IBUS_LIBS_set=
ac_cv_env_IBUS_LIBS_value=
ac_cv_env_LDFLAGS_set=
ac_cv_env_LDFLAGS_value=
ac_cv_env_LIBS_set=
ac_cv_env_LIBS_value=
ac_cv_env_LT_SYS_LIBRARY_PATH_set=
ac_cv_env_LT_SYS_LIBRARY_PATH_value=
ac_cv_env_PKG_CONFIG_LIBDIR_set=
ac_cv_env_PKG_CONFIG_LIBDIR_value=
ac_cv_env_PKG_CONFIG_PATH_set=
ac_cv_env_PKG_CONFIG_PATH_value=
ac_cv_env_PKG_CONFIG_set=
ac_cv_env_PKG_CONFIG_value=
ac_cv_env_SQLITE_CFLAGS_set=
ac_cv_env_SQLITE_CFLAGS_value=
ac_cv_env_SQLITE_LIBS_set=
ac_cv_env_SQLITE_LIBS_value=
ac_cv_env_build_alias_set=
ac_cv_env_build_alias_value=
ac_cv_env_host_alias_set=
ac_cv_env_host_alias_value=
ac_cv_env_target_alias_set=
ac_cv_env_target_alias_value=
ac_cv_func_bind_textdomain_codeset=yes
ac_cv_header_dlfcn_h=yes
ac_cv_header_inttypes_h=yes
ac_cv_header_libintl_h=yes
ac_cv_header_locale_h=yes
ac_cv_header_minix_config_h=no
ac_cv_header_stdint_h=yes
ac_cv_header_stdio_h=yes
ac_cv_header_stdlib_h=yes
ac_cv_header_string_h=yes
ac_cv_header_strings_h=yes
ac_cv_header_sys_stat_h=yes
ac_cv_header_sys_types_h=yes
ac_cv_header_unistd_h=yes
ac_cv_header_wchar_h=yes
ac_cv_host=x86_64-pc-linux-gnu
ac_cv_objext=o
ac_cv_path_EGREP='/usr/bin/grep -E'
ac_cv_path_FGREP='/usr/bin/grep -F'
ac_cv_path_GREP=/usr/bin/grep
ac_cv_path_MSGFMT=no
ac_cv_path_SED=/usr/bin/sed
ac_cv_path_ac_pt_PKG_CONFIG=/usr/bin/pkg-config
ac_cv_path_install='/usr/bin/install -c'
ac_cv_path_lt_DD=/usr/bin/dd
ac_cv_path_mkdir=/usr/bin/mkdir
ac_cv_prog_AWK=mawk
ac_cv_prog_CXXCPP='g++ -E'
ac_cv_prog_ac_ct_AR=ar
ac_cv_prog_ac_ct_CC=gcc
ac_cv_prog_ac_ct_CXX=g++
ac_cv_prog_ac_ct_MANIFEST_TOOL=mt
ac_cv_prog_ac_ct_OBJDUMP=objdump
ac_cv_prog_ac_ct_RANLIB=ranlib
ac_cv_prog_ac_ct_STRIP=strip
ac_cv_prog_cc_c11=
ac_cv_prog_cc_g=yes
ac_cv_prog_cc_stdc=
ac_cv_prog_cxx_11=no
ac_cv_prog_cxx_cxx11=
ac_cv_prog_cxx_g=yes
ac_cv_prog_cxx_stdcxx=
ac_cv_prog_make_make_set=yes
ac_cv_safe_to_define___extensions__=yes
ac_cv_search_strerror='none required'
ac_cv_should_define__xopen_source=no
am_cv_CC_dependencies_compiler_type=gcc3
am_cv_CXX_dependencies_compiler_type=gcc3
am_cv_make_support_nested_variables=yes
am_cv_prog_cc_c_o=yes
am_cv_val_LC_MESSAGES=yes
gt_cv_func_CFLocaleCopyCurrent=no
gt_cv_func_CFPreferencesCopyAppValue=no
gt_cv_func_dgettext_libc=yes
gt_cv_func_dgettext_libintl=no
gt_cv_func_ngettext_libc=yes
gt_cv_have_gettext=no
lt_cv_ar_at_file=@
lt_cv_archive_cmds_need_lc=no
lt_cv_deplibs_check_method=pass_all
lt_cv_file_magic_cmd='$MAGIC_CMD'
lt_cv_file_magic_test_file=
lt_cv_ld_reload_flag=-r
lt_cv_nm_interface='BSD nm'
lt_cv_objdir=.libs
lt_cv_path_LD=/usr/bin/ld
lt_cv_path_LDCXX='/usr/bin/ld -m elf_x86_64'
lt_cv_path_NM='/usr/bin/nm -B'
lt_cv_path_mainfest_tool=no
lt_cv_prog_compiler_c_o=yes
lt_cv_prog_compiler_c_o_CXX=yes
lt_cv_prog_compiler_pic='-fPIC -DPIC'
lt_cv_prog_compiler_pic_CXX='-fPIC -DPIC'
lt_cv_prog_compiler_pic_works=yes
lt_cv_prog_compiler_pic_works_CXX=yes
lt_cv_prog_compiler_rtti_exceptions=no
lt_cv_prog_compiler_static_works=yes
lt_cv_prog_compiler_static_works_CXX=yes
lt_cv_prog_gnu_ld=yes
lt_cv_prog_gnu_ldcxx=yes
lt_cv_sharedlib_from_linklib_cmd='printf %s\n'
lt_cv_shlibpath_overrides_runpath=yes
lt_cv_sys_global_symbol_pipe='sed -n -e '\''s/^.*[	 ]\([ABCDGIRSTW][ABCDGIRSTW]*\)[	 ][	 ]*\([_A-Za-z][_A-Za-z0-9]*\)$/\1 \2 \2/p'\'' | sed '\''/ __gnu_lto/d'\'''
lt_cv_sys_global_symbol_to_c_name_address='sed -n -e '\''s/^: \(.*\) .*$/  {"\1", (void *) 0},/p'\'' -e '\''s/^[ABCDGIRSTW][ABCDGIRSTW]* .* \(.*\)$/  {"\1", (void *) \&\1},/p'\'''
lt_cv_sys_global_symbol_to_c_name_address_lib_prefix='sed -n -e '\''s/^: \(.*\) .*$/  {"\1", (void *) 0},/p'\'' -e '\''s/^[ABCDGIRSTW][ABCDGIRSTW]* .* \(lib.*\)$/  {"\1", (void *) \&\1},/p'\'' -e '\''s/^[ABCDGIRSTW][ABCDGIRSTW]* .* \(.*\)$/  {"lib\1", (void *) \&\1},/p'\'''
lt_cv_sys_global_symbol_to_cdecl='sed -n -e '\''s/^T .* \(.*\)$/extern int \1();/p'\'' -e '\''s/^[ABCDGIRSTW][ABCDGIRSTW]* .* \(.*\)$/extern char \1;/p'\'''
lt_cv_sys_global_symbol_to_import=
lt_cv_sys_max_cmd_len=1572864
lt_cv_to_host_file_cmd=func_convert_file_noop
lt_cv_to_tool_file_cmd=func_convert_file_noop
lt_cv_truncate_bin='/usr/bin/dd bs=4096 count=1'
pkg_cv_IBUS_CFLAGS='-pthread -I/usr/include/ibus-1.0 -I/usr/include/libmount -I/usr/include/blkid -I/usr/include/glib-2.0 -I/usr/lib/x86_64-linux-gnu/glib-2.0/include'
pkg_cv_IBUS_LIBS='-libus-1.0 -lgio-2.0 -lgobject-2.0 -lglib-2.0'
pkg_cv_SQLITE_CFLAGS=
pkg_cv_SQLITE_LIBS=-lsqlite3

## ----------------- ##
## Output variables. ##
## ----------------- ##

ACLOCAL='${SHELL} '\''/3/Abacus/missing'\'' aclocal-1.16'
AMDEPBACKSLASH='\'
AMDEP_FALSE='#'
AMDEP_TRUE=''
AMTAR='$${TAR-tar}'
AM_BACKSLASH='\'
AM_DEFAULT_V='$(AM_DEFAULT_VERBOSITY)'
AM_DEFAULT_VERBOSITY='0'
AM_V='$(V)'
AR='ar'
AUTOCONF='${SHELL} '\''/3/Abacus/missing'\'' autoconf'
AUTOHEADER='${SHELL} '\''/3/Abacus/missing'\'' autoheader'
AUTOMAKE='${SHELL} '\''/3/Abacus/missing'\'' automake-1.16'
AWK='mawk'
CATALOGS=''
CATOBJEXT='NONE'
CC='gcc'
CCDEPMODE='depmode=gcc3'
CFLAGS='-g -O0'
CPPFLAGS=''
CSCOPE='cscope'
CTAGS='ctags'
CXX='g++'
CXXCPP='g++ -E'
CXXDEPMODE='depmode=gcc3'
CXXFLAGS='-g -O0'
CYGPATH_W='echo'
DATADIRNAME=''
DEFS='-DHAVE_CONFIG_H'
DEPDIR='.deps'
DLLTOOL='false'
DSYMUTIL=''
DUMPBIN=''
ECHO_C=''
ECHO_N='-n'
ECHO_T=''
EGREP='/usr/bin/grep -E'
ETAGS='etags'
EXEEXT=''
FGREP='/usr/bin/grep -F'
GETTEXT_PACKAGE='Tiechu'
GMOFILES=''
GMSGFMT=''
GREP='/usr/bin/grep'
IBUS_CFLAGS='-pthread -I/usr/include/ibus-1.0 -I/usr/include/libmount -I/usr/include/blkid -I/usr/include/glib-2.0 -I/usr/lib/x86_64-linux-gnu/glib-2.0/include'
IBUS_LIBS='-libus-1.0 -lgio-2.0 -lgobject-2.0 -lglib-2.0'
INSTALL_DATA='${INSTALL} -m 644'
INSTALL_PROGRAM='${INSTALL}'
INSTALL_SCRIPT='${INSTALL}'
INSTALL_STRIP_PROGRAM='$(install_sh) -c -s'
INSTOBJEXT=''
INTLLIBS=''
INTL_MACOSX_LIBS=''
LD='/usr/bin/ld -m elf_x86_64'
LDFLAGS=''
LIBOBJS=''
LIBS=''
LIBTOOL='$(SHELL) $(top_builddir)/libtool'
LIPO=''
LN_S='ln -s'
LTLIBOBJS=''
LT_SYS_LIBRARY_PATH=''
MAINT=''
MAINTAINER_MODE_FALSE='#'
MAINTAINER_MODE_TRUE=''
MAKEINFO='${SHELL} '\''/3/Abacus/missing'\'' makeinfo'
MANIFEST_TOOL=':'
MKDIR_P='/usr/bin/mkdir -p'
MKINSTALLDIRS='.//mkinstalldirs'
MSGFMT='no'
MSGFMT_OPTS=''
NM='/usr/bin/nm -B'
NMEDIT=''
OBJDUMP='objdump'
OBJEXT='o'
OTOOL64=''
OTOOL=''
PACKAGE='Tiechu'
PACKAGE_BUGREPORT='https://github.com/duythaia3/tiechu'
PACKAGE_NAME='Tiechu'
PACKAGE_STRING='Tiechu 1.3.2.20230912'
PACKAGE_TARNAME='Tiechu'
PACKAGE_URL=''
PACKAGE_VERSION='1.3.2.20230912'
PATH_SEPARATOR=':'
PKG_CONFIG='/usr/bin/pkg-config'
PKG_CONFIG_LIBDIR=''
PKG_CONFIG_PATH=''
POFILES=''
POSUB='po'
PO_IN_DATADIR_FALSE=''
PO_IN_DATADIR_TRUE=''
RANLIB='ranlib'
SED='/usr/bin/sed'
SET_MAKE=''
SHELL='/bin/bash'
SQLITE_CFLAGS=''
SQLITE_LIBS='-lsqlite3'
STRIP='strip'
USE_NLS='yes'
VERSION='1.3.2.20230912'
XGETTEXT=':'
ac_ct_AR='ar'
ac_ct_CC='gcc'
ac_ct_CXX='g++'
ac_ct_DUMPBIN=''
am__EXEEXT_FALSE=''
am__EXEEXT_TRUE='#'
am__fastdepCC_FALSE='#'
am__fastdepCC_TRUE=''
am__fastdepCXX_FALSE='#'
am__fastdepCXX_TRUE=''
am__include='include'
am__isrc=''
am__leading_dot='.'
am__nodep='_no'
am__quote=''
am__tar='$${TAR-tar} chof - "$$tardir"'
am__untar='$${TAR-tar} xf -'
bindir='${exec_prefix}/bin'
build='x86_64-pc-linux-gnu'
build_alias=''
build_cpu='x86_64'
build_os='linux-gnu'
build_vendor='pc'
datadir='${datarootdir}'
datarootdir='${prefix}/share'
docdir='${datarootdir}/doc/${PACKAGE_TARNAME}'
dvidir='${docdir}'
exec_prefix='${prefix}'
host='x86_64-pc-linux-gnu'
host_alias=''
host_cpu='x86_64'
host_os='linux-gnu'
host_vendor='pc'
htmldir='${docdir}'
includedir='${prefix}/include'
infodir='${datarootdir}/info'
install_sh='${SHELL} /3/Abacus/install-sh'
libdir='${exec_prefix}/lib'
libexecdir='${exec_prefix}/libexec'
localedir='${datarootdir}/locale'
localstatedir='${prefix}/var'
mandir='${datarootdir}/man'
mkdir_p='$(MKDIR_P)'
oldincludedir='/usr/include'
pdfdir='${docdir}'
prefix='/usr'
program_transform_name='s,x,x,'
psdir='${docdir}'
runstatedir='${localstatedir}/run'
sbindir='${exec_prefix}/sbin'
sharedstatedir='${prefix}/com'
sysconfdir='${prefix}/etc'
target_alias=''

## ----------- ##
## confdefs.h. ##
## ----------- ##

/* confdefs.h */
#define PACKAGE_NAME "Tiechu"
#define PACKAGE_TARNAME "Tiechu"
#define PACKAGE_VERSION "1.3.2.20230912"
#define PACKAGE_STRING "Tiechu 1.3.2.20230912"
#define PACKAGE_BUGREPORT "https://github.com/duythaia3/tiechu"
#define PACKAGE_URL ""
#define PACKAGE "Tiechu"
#define VERSION "1.3.2.20230912"
#define HAVE_STDIO_H 1
#define HAVE_STDLIB_H 1
#define HAVE_STRING_H 1
#define HAVE_INTTYPES_H 1
#define HAVE_STDINT_H 1
#define HAVE_STRINGS_H 1
#define HAVE_SYS_STAT_H 1
#define HAVE_SYS_TYPES_H 1
#define HAVE_UNISTD_H 1
#define HAVE_WCHAR_H 1
#define STDC_HEADERS 1
#define _ALL_SOURCE 1
#define _DARWIN_C_SOURCE 1
#define _GNU_SOURCE 1
#define _HPUX_ALT_XOPEN_SOCKET_API 1
#define _NETBSD_SOURCE 1
#define _OPENBSD_SOURCE 1
#define _POSIX_PTHREAD_SEMANTICS 1
#define __STDC_WANT_IEC_60559_ATTRIBS_EXT__ 1
#define __STDC_WANT_IEC_60559_BFP_EXT__ 1
#define __STDC_WANT_IEC_60559_DFP_EXT__ 1
#define __STDC_WANT_IEC_60559_FUNCS_EXT__ 1
#define __STDC_WANT_IEC_60559_TYPES_EXT__ 1
#define __STDC_WANT_LIB_EXT2__ 1
#define __STDC_WANT_MATH_SPEC_FUNCS__ 1
#define _TANDEM_SOURCE 1
#define __EXTENSIONS__ 1
#define HAVE_DLFCN_H 1
#define LT_OBJDIR ".libs/"
#define GETTEXT_PACKAGE "Tiechu"
#define HAVE_LOCALE_H 1
#define HAVE_LC_MESSAGES 1
#define HAVE_BIND_TEXTDOMAIN_CODESET 1
#define HAVE_GETTEXT 1

configure: exit 0

## ---------------------- ##
## Running config.status. ##
## ---------------------- ##

This file was extended by Tiechu config.status 1.3.2.20230912, which was
generated by GNU Autoconf 2.71.  Invocation command line was

  CONFIG_FILES    = 
  CONFIG_HEADERS  = 
  CONFIG_LINKS    = 
  CONFIG_COMMANDS = 
  $ ./config.status config.h

on mt

config.status:1202: creating config.h
config.status:1383: config.h is unchanged
